<?xml version="1.0" encoding="UTF-8" ?>
<testsuite tests="8" failures="0" name="net.petrikainulainen.spring.data.apachehadoop.WordMapperTest" time="0.37" errors="0" skipped="0">
  <properties>
[...]
</properties>
  <testcase classname="net.petrikainulainen.spring.data.apachehadoop.WordMapperTest" name="mapWithQuestionMark" time="0.359"/>
  <testcase classname="net.petrikainulainen.spring.data.apachehadoop.WordMapperTest" name="mapWithExclamationMark" time="0.002"/>
  <testcase classname="net.petrikainulainen.spring.data.apachehadoop.WordMapperTest" name="mapWithDoubleLine" time="0.004"/>
  <testcase classname="net.petrikainulainen.spring.data.apachehadoop.WordMapperTest" name="mapWithQuationMark" time="0"/>
  <testcase classname="net.petrikainulainen.spring.data.apachehadoop.WordMapperTest" name="MapWithApostrophe" time="0"/>
  <testcase classname="net.petrikainulainen.spring.data.apachehadoop.WordMapperTest" name="MapEmpty" time="0"/>
  <testcase classname="net.petrikainulainen.spring.data.apachehadoop.WordMapperTest" name="mapWithComma" time="0.003"/>
  <testcase classname="net.petrikainulainen.spring.data.apachehadoop.WordMapperTest" name="mapWithDot" time="0.002"/>
</testsuite>